<?xml version="1.0" encoding="UTF-8"?>
<testng-results skipped="0" failed="0" total="1" passed="1">
  <reporter-output>
  </reporter-output>
  <suite name="Suite" duration-ms="24102" started-at="2018-02-02T23:38:48Z" finished-at="2018-02-02T23:39:12Z">
    <groups>
    </groups>
    <test name="Test" duration-ms="24102" started-at="2018-02-02T23:38:48Z" finished-at="2018-02-02T23:39:12Z">
      <class name="com.page.Testlogin">
        <test-method status="PASS" signature="pre()[pri:0, instance:com.page.Testlogin@5594a1b5]" name="pre" is-config="true" duration-ms="3069" started-at="2018-02-03T05:08:48Z" finished-at="2018-02-03T05:08:51Z">
          <reporter-output>
          </reporter-output>
        </test-method> <!-- pre -->
        <test-method status="PASS" signature="login()[pri:0, instance:com.page.Testlogin@5594a1b5]" name="login" duration-ms="639" started-at="2018-02-03T05:08:51Z" finished-at="2018-02-03T05:08:52Z">
          <reporter-output>
          </reporter-output>
        </test-method> <!-- login -->
        <test-method status="PASS" signature="post()[pri:0, instance:com.page.Testlogin@5594a1b5]" name="post" is-config="true" duration-ms="20376" started-at="2018-02-03T05:08:52Z" finished-at="2018-02-03T05:09:12Z">
          <reporter-output>
          </reporter-output>
        </test-method> <!-- post -->
      </class> <!-- com.page.Testlogin -->
    </test> <!-- Test -->
  </suite> <!-- Suite -->
</testng-results>
